<?xml version="1.0" encoding="UTF-8"?>
<testng-results skipped="0" failed="0" ignored="0" total="1" passed="1">
  <reporter-output>
  </reporter-output>
  <suite name="tests.TestClass" duration-ms="50390" started-at="2019-09-22T23:23:41Z" finished-at="2019-09-22T23:24:32Z">
    <groups>
    </groups>
    <test name="Command line test" duration-ms="50390" started-at="2019-09-22T23:23:41Z" finished-at="2019-09-22T23:24:32Z">
      <class name="tests.TestClass">
        <test-method status="PASS" signature="setUp()[pri:0, instance:tests.TestClass@47f6473]" name="setUp" is-config="true" duration-ms="29484" started-at="2019-09-22T19:23:41Z" finished-at="2019-09-22T19:24:11Z">
          <reporter-output>
          </reporter-output>
        </test-method> <!-- setUp -->
        <test-method status="PASS" signature="quickStartiOSNativeDemo()[pri:0, instance:tests.TestClass@47f6473]" name="quickStartiOSNativeDemo" duration-ms="16332" started-at="2019-09-22T19:24:11Z" finished-at="2019-09-22T19:24:27Z">
          <reporter-output>
          </reporter-output>
        </test-method> <!-- quickStartiOSNativeDemo -->
        <test-method status="PASS" signature="tearDown()[pri:0, instance:tests.TestClass@47f6473]" name="tearDown" is-config="true" duration-ms="4539" started-at="2019-09-22T19:24:27Z" finished-at="2019-09-22T19:24:32Z">
          <reporter-output>
          </reporter-output>
        </test-method> <!-- tearDown -->
      </class> <!-- tests.TestClass -->
    </test> <!-- Command line test -->
  </suite> <!-- tests.TestClass -->
</testng-results>
